Copyright 1986-2022 Xilinx, Inc. All Rights Reserved. Copyright 2022-2024 Advanced Micro Devices, Inc. All Rights Reserved.
---------------------------------------------------------------------------------------------------------------------------------------------
| Tool Version : Vivado v.2024.2 (win64) Build 5239630 Fri Nov 08 22:35:27 MST 2024
| Date         : Fri Jan 30 15:54:42 2026
| Host         : JakesXPS13 running 64-bit major release  (build 9200)
| Command      : report_control_sets -verbose -file lab1_control_sets_placed.rpt
| Design       : lab1
| Device       : xc7a200t
---------------------------------------------------------------------------------------------------------------------------------------------

Control Set Information

Table of Contents
-----------------
1. Summary
2. Histogram
3. Flip-Flop Distribution
4. Detailed Control Set Information

1. Summary
----------

+----------------------------------------------------------+-------+
|                          Status                          | Count |
+----------------------------------------------------------+-------+
| Total control sets                                       |    10 |
|    Minimum number of control sets                        |    10 |
|    Addition due to synthesis replication                 |     0 |
|    Addition due to physical synthesis replication        |     0 |
| Unused register locations in slices containing registers |    37 |
+----------------------------------------------------------+-------+
* Control sets can be merged at opt_design using control_set_merge or merge_equivalent_drivers
** Run report_qor_suggestions for automated merging and remapping suggestions


2. Histogram
------------

+--------------------+-------+
|       Fanout       | Count |
+--------------------+-------+
| Total control sets |    10 |
| >= 0 to < 4        |     1 |
| >= 4 to < 6        |     3 |
| >= 6 to < 8        |     1 |
| >= 8 to < 10       |     1 |
| >= 10 to < 12      |     1 |
| >= 12 to < 14      |     0 |
| >= 14 to < 16      |     0 |
| >= 16              |     3 |
+--------------------+-------+
* Control sets can be remapped at either synth_design or opt_design


3. Flip-Flop Distribution
-------------------------

+--------------+-----------------------+------------------------+-----------------+--------------+
| Clock Enable | Synchronous Set/Reset | Asynchronous Set/Reset | Total Registers | Total Slices |
+--------------+-----------------------+------------------------+-----------------+--------------+
| No           | No                    | No                     |              42 |           10 |
| No           | No                    | Yes                    |               0 |            0 |
| No           | Yes                   | No                     |              38 |           11 |
| Yes          | No                    | No                     |               0 |            0 |
| Yes          | No                    | Yes                    |               0 |            0 |
| Yes          | Yes                   | No                     |              19 |            6 |
+--------------+-----------------------+------------------------+-----------------+--------------+


4. Detailed Control Set Information
-----------------------------------

+-------------------------------------------------+---------------------------------------------------+----------------------------------------------------------------+------------------+----------------+--------------+
|                   Clock Signal                  |                   Enable Signal                   |                        Set/Reset Signal                        | Slice Load Count | Bel Load Count | Bels / Slice |
+-------------------------------------------------+---------------------------------------------------+----------------------------------------------------------------+------------------+----------------+--------------+
|  vid/mmcm_adv_inst_display_clocks/inst/clk_out1 |                                                   | vid/Inst_vga/sig_gen/horizontal_counter/processQ[8]_i_1__0_n_0 |                1 |              1 |         1.00 |
|  vid/mmcm_adv_inst_display_clocks/inst/clk_out2 |                                                   | vid/inst_dvid/shift_blue[7]_i_1_n_0                            |                2 |              5 |         2.50 |
|  vid/mmcm_adv_inst_display_clocks/inst/clk_out2 |                                                   | vid/inst_dvid/shift_green[7]_i_1_n_0                           |                1 |              5 |         5.00 |
|  vid/mmcm_adv_inst_display_clocks/inst/clk_out2 |                                                   | vid/inst_dvid/shift_red[7]_i_1_n_0                             |                1 |              5 |         5.00 |
|  vid/mmcm_adv_inst_display_clocks/inst/clk_out2 |                                                   | vid/inst_dvid/shift_red[9]_i_1_n_0                             |                3 |              6 |         2.00 |
|  vid/mmcm_adv_inst_display_clocks/inst/clk_out1 | vid/Inst_vga/sig_gen/horizontal_counter/processQ0 | vid/Inst_vga/sig_gen/horizontal_counter/processQ[8]_i_1__0_n_0 |                3 |              9 |         3.00 |
|  vid/mmcm_adv_inst_display_clocks/inst/clk_out1 | vid/Inst_vga/sig_gen/vertical_counter/processQ0   | vid/Inst_vga/sig_gen/vertical_counter/processQ[9]_i_1_n_0      |                3 |             10 |         3.33 |
|  vid/mmcm_adv_inst_display_clocks/inst/clk_out1 |                                                   | vid/Inst_vga/sig_gen/vga_signal[blank]                         |                3 |             16 |         5.33 |
|  vid/mmcm_adv_inst_display_clocks/inst/clk_out2 |                                                   |                                                                |                5 |             19 |         3.80 |
|  vid/mmcm_adv_inst_display_clocks/inst/clk_out1 |                                                   |                                                                |                5 |             23 |         4.60 |
+-------------------------------------------------+---------------------------------------------------+----------------------------------------------------------------+------------------+----------------+--------------+


